#
# There is insufficient memory for the Java Runtime Environment to continue.
# Native memory allocation (malloc) failed to allocate 1016096 bytes for Chunk::new
# Possible reasons:
#   The system is out of physical RAM or swap space
#   In 32 bit mode, the process size limit was hit
# Possible solutions:
#   Reduce memory load on the system
#   Increase physical memory or swap space
#   Check if swap backing store is full
#   Use 64 bit Java on a 64 bit OS
#   Decrease Java heap size (-Xmx/-Xms)
#   Decrease number of Java threads
#   Decrease Java thread stack sizes (-Xss)
#   Set larger code cache with -XX:ReservedCodeCacheSize=
# This output file may be truncated or incomplete.
#
#  Out of Memory Error (allocation.cpp:323), pid=8392, tid=10248
#
# JRE version: Java(TM) SE Runtime Environment (7.0_79-b15) (build 1.7.0_79-b15)
# Java VM: Java HotSpot(TM) 64-Bit Server VM (24.79-b02 mixed mode windows-amd64 compressed oops)
# Failed to write core dump. Minidumps are not enabled by default on client versions of Windows
#

---------------  T H R E A D  ---------------

Current thread (0x0000000008bcb000):  JavaThread "C2 CompilerThread0" daemon [_thread_in_native, id=10248, stack(0x000000000a280000,0x000000000a380000)]

Stack: [0x000000000a280000,0x000000000a380000]
[error occurred during error reporting (printing stack bounds), id 0xc0000005]


[error occurred during error reporting (printing native stack), id 0xc0000005]


Current CompileTask:
C2:   3640  378   !         com.android.dx.cf.code.RopperMachine::run (1550 bytes)


---------------  P R O C E S S  ---------------

Java Threads: ( => current thread )
  0x000000000a4e9000 JavaThread "pool-1-thread-4" [_thread_in_Java, id=5156, stack(0x000000000b2e0000,0x000000000b3e0000)]
  0x000000000a4ac800 JavaThread "pool-1-thread-3" [_thread_blocked, id=10984, stack(0x000000000b150000,0x000000000b250000)]
  0x000000000a4b2000 JavaThread "pool-1-thread-2" [_thread_blocked, id=10376, stack(0x000000000afa0000,0x000000000b0a0000)]
  0x000000000a4e0800 JavaThread "pool-2-thread-1" [_thread_blocked, id=6980, stack(0x000000000ad20000,0x000000000ae20000)]
  0x000000000a45a800 JavaThread "pool-1-thread-1" [_thread_blocked, id=10544, stack(0x000000000ac10000,0x000000000ad10000)]
  0x000000000a384800 JavaThread "Service Thread" daemon [_thread_blocked, id=4640, stack(0x000000000a8e0000,0x000000000a9e0000)]
  0x0000000008bcd000 JavaThread "C2 CompilerThread1" daemon [_thread_in_vm, id=1244, stack(0x000000000a7c0000,0x000000000a8c0000)]
=>0x0000000008bcb000 JavaThread "C2 CompilerThread0" daemon [_thread_in_native, id=10248, stack(0x000000000a280000,0x000000000a380000)]
  0x0000000008bc7000 JavaThread "Attach Listener" daemon [_thread_blocked, id=8412, stack(0x0000000009cb0000,0x0000000009db0000)]
  0x0000000008bc6000 JavaThread "Signal Dispatcher" daemon [_thread_blocked, id=7448, stack(0x0000000009fa0000,0x000000000a0a0000)]
  0x0000000008b4f000 JavaThread "Finalizer" daemon [_thread_blocked, id=10200, stack(0x0000000009e80000,0x0000000009f80000)]
  0x0000000008b4d800 JavaThread "Reference Handler" daemon [_thread_blocked, id=10988, stack(0x0000000009a00000,0x0000000009b00000)]
  0x000000000271f000 JavaThread "main" [_thread_blocked, id=11184, stack(0x0000000002750000,0x0000000002850000)]

Other Threads:
  0x0000000008b49800 VMThread [stack: 0x0000000009b90000,0x0000000009c90000] [id=9856]
  0x0000000008bce800 WatcherThread [stack: 0x000000000a0b0000,0x000000000a1b0000] [id=12232]

VM state:not at safepoint (normal execution)

VM Mutex/Monitor currently owned by a thread: None

Heap
 PSYoungGen      total 38400K, used 36961K [0x00000000eaa80000, 0x00000000ed500000, 0x0000000100000000)
  eden space 33280K, 95% used [0x00000000eaa80000,0x00000000ec998a90,0x00000000ecb00000)
  from space 5120K, 99% used [0x00000000ecb00000,0x00000000ecfffc88,0x00000000ed000000)
  to   space 5120K, 0% used [0x00000000ed000000,0x00000000ed000000,0x00000000ed500000)
 ParOldGen       total 86016K, used 1930K [0x00000000c0000000, 0x00000000c5400000, 0x00000000eaa80000)
  object space 86016K, 2% used [0x00000000c0000000,0x00000000c01e2ba8,0x00000000c5400000)
 PSPermGen       total 21504K, used 5838K [0x00000000bae00000, 0x00000000bc300000, 0x00000000c0000000)
  object space 21504K, 27% used [0x00000000bae00000,0x00000000bb3b3948,0x00000000bc300000)

Card table byte_map: [0x0000000005a20000,0x0000000005c50000] byte_map_base: 0x0000000005449000

Polling page: 0x0000000000240000

Code Cache  [0x0000000002960000, 0x0000000002bd0000, 0x0000000005960000)
 total_blobs=622 nmethods=383 adapters=191 free_code_cache=47538Kb largest_free_block=48645504

Compilation events (10 events):
Event: 3.590 Thread 0x0000000008bcd000 nmethod 379 0x0000000002ae4cd0 code [0x0000000002ae4e00, 0x0000000002ae4e58]
Event: 3.591 Thread 0x0000000008bcd000  380             com.android.dx.rop.type.Prototype::makeParameterArray (131 bytes)
Event: 3.597 Thread 0x0000000008bcd000 nmethod 380 0x0000000002ae5e10 code [0x0000000002ae5f60, 0x0000000002ae6378]
Event: 3.597 Thread 0x0000000008bcd000  381             com.android.dx.cf.code.RopperMachine::jopToRopOpcode (1103 bytes)
Event: 3.608 Thread 0x0000000008bcd000 nmethod 381 0x0000000002ae8950 code [0x0000000002ae92e0, 0x0000000002ae99d8]
Event: 3.608 Thread 0x0000000008bcd000  382             com.android.dx.ssa.back.LivenessAnalyzer::constructInterferenceGraph (47 bytes)
Event: 3.625 Thread 0x0000000008bcd000 nmethod 382 0x0000000002afa450 code [0x0000000002afa640, 0x0000000002afb150]
Event: 3.625 Thread 0x0000000008bcd000  383             com.android.dx.ssa.back.InterferenceGraph::<init> (42 bytes)
Event: 3.632 Thread 0x0000000008bcd000 nmethod 383 0x0000000002ae52d0 code [0x0000000002ae5460, 0x0000000002ae59b8]
Event: 3.632 Thread 0x0000000008bcd000  384             com.android.dx.ssa.back.FirstFitLocalCombiningAllocator::handleUnassociatedParameters (60 bytes)

GC Heap History (2 events):
Event: 1.147 GC heap before
{Heap before GC invocations=1 (full 0):
 PSYoungGen      total 38400K, used 33280K [0x00000000eaa80000, 0x00000000ed500000, 0x0000000100000000)
  eden space 33280K, 100% used [0x00000000eaa80000,0x00000000ecb00000,0x00000000ecb00000)
  from space 5120K, 0% used [0x00000000ed000000,0x00000000ed000000,0x00000000ed500000)
  to   space 5120K, 0% used [0x00000000ecb00000,0x00000000ecb00000,0x00000000ed000000)
 ParOldGen       total 86016K, used 0K [0x00000000c0000000, 0x00000000c5400000, 0x00000000eaa80000)
  object space 86016K, 0% used [0x00000000c0000000,0x00000000c0000000,0x00000000c5400000)
 PSPermGen       total 21504K, used 5786K [0x00000000bae00000, 0x00000000bc300000, 0x00000000c0000000)
  object space 21504K, 26% used [0x00000000bae00000,0x00000000bb3a6a68,0x00000000bc300000)
Event: 1.182 GC heap after
Heap after GC invocations=1 (full 0):
 PSYoungGen      total 38400K, used 5119K [0x00000000eaa80000, 0x00000000ed500000, 0x0000000100000000)
  eden space 33280K, 0% used [0x00000000eaa80000,0x00000000eaa80000,0x00000000ecb00000)
  from space 5120K, 99% used [0x00000000ecb00000,0x00000000ecfffc88,0x00000000ed000000)
  to   space 5120K, 0% used [0x00000000ed000000,0x00000000ed000000,0x00000000ed500000)
 ParOldGen       total 86016K, used 1930K [0x00000000c0000000, 0x00000000c5400000, 0x00000000eaa80000)
  object space 86016K, 2% used [0x00000000c0000000,0x00000000c01e2ba8,0x00000000c5400000)
 PSPermGen       total 21504K, used 5786K [0x00000000bae00000, 0x00000000bc300000, 0x00000000c0000000)
  object space 21504K, 26% used [0x00000000bae00000,0x00000000bb3a6a68,0x00000000bc300000)
}

Deoptimization events (10 events):
Event: 0.762 Thread 0x000000000a45a800 Uncommon trap: reason=class_check action=maybe_recompile pc=0x00000000029d6258 method=com.android.dx.ssa.NormalSsaInsn.accept(Lcom/android/dx/ssa/SsaInsn$Visitor;)V @ 9
Event: 0.762 Thread 0x000000000a45a800 Uncommon trap: reason=class_check action=maybe_recompile pc=0x00000000029d6258 method=com.android.dx.ssa.NormalSsaInsn.accept(Lcom/android/dx/ssa/SsaInsn$Visitor;)V @ 9
Event: 0.778 Thread 0x000000000271f000 Uncommon trap: reason=null_check action=make_not_entrant pc=0x00000000029e610c method=com.android.dx.rop.code.LocalItem.equals(Ljava/lang/Object;)Z @ 1
Event: 0.801 Thread 0x000000000a4ac800 Uncommon trap: reason=null_check action=make_not_entrant pc=0x00000000029e9c34 method=com.android.dx.rop.code.LocalItem.equals(Ljava/lang/Object;)Z @ 1
Event: 1.658 Thread 0x000000000271f000 Uncommon trap: reason=null_check action=make_not_entrant pc=0x0000000002a3b760 method=com.android.dx.rop.type.Type.putIntern(Lcom/android/dx/rop/type/Type;)Lcom/android/dx/rop/type/Type; @ 18
Event: 1.789 Thread 0x000000000a4b2000 Uncommon trap: reason=null_check action=make_not_entrant pc=0x0000000002a02868 method=com.android.dx.ssa.SsaRenamer.getLocalForNewReg(I)Lcom/android/dx/rop/code/LocalItem; @ 19
Event: 1.818 Thread 0x000000000a4ac800 Uncommon trap: reason=null_check action=make_not_entrant pc=0x00000000029f8e10 method=com.android.dx.ssa.SsaRenamer.getLocalForNewReg(I)Lcom/android/dx/rop/code/LocalItem; @ 19
Event: 1.863 Thread 0x000000000a45a800 Uncommon trap: reason=null_check action=make_not_entrant pc=0x00000000029ff7d4 method=com.android.dx.rop.type.Type.equals(Ljava/lang/Object;)Z @ 8
Event: 2.425 Thread 0x000000000271f000 Uncommon trap: reason=unloaded action=reinterpret pc=0x0000000002ac897c method=com.android.dx.cf.cst.ConstantPoolParser.parse0(ILjava/util/BitSet;)Lcom/android/dx/rop/cst/Constant; @ 220
Event: 3.203 Thread 0x000000000a45a800 Uncommon trap: reason=null_check action=make_not_entrant pc=0x0000000002af2758 method=com.android.dx.dex.file.MethodIdsSection.intern(Lcom/android/dx/rop/cst/CstBaseMethodRef;)Lcom/android/dx/dex/file/MethodIdItem; @ 26

Internal exceptions (10 events):
Event: 0.611 Thread 0x000000000271f000 Threw 0x00000000eb65e9f8 at C:\re\jdk7u79\2331\hotspot\src\share\vm\prims\jvm.cpp:1304
Event: 0.679 Thread 0x000000000271f000 Threw 0x00000000eb739578 at C:\re\jdk7u79\2331\hotspot\src\share\vm\prims\jvm.cpp:1304
Event: 0.778 Thread 0x000000000271f000 Implicit null exception at 0x00000000029e5d2a to 0x00000000029e60f9
Event: 0.801 Thread 0x000000000a4ac800 Implicit null exception at 0x00000000029e9236 to 0x00000000029e9c19
Event: 0.894 Thread 0x000000000a4ac800 Threw 0x00000000ec01da68 at C:\re\jdk7u79\2331\hotspot\src\share\vm\prims\jvm.cpp:1304
Event: 0.944 Thread 0x000000000a4ac800 Threw 0x00000000ec28bbd0 at C:\re\jdk7u79\2331\hotspot\src\share\vm\prims\jvm.cpp:1304
Event: 1.658 Thread 0x000000000271f000 Implicit null exception at 0x0000000002a3b06f to 0x0000000002a3b751
Event: 1.789 Thread 0x000000000a4b2000 Implicit null exception at 0x0000000002a01094 to 0x0000000002a02839
Event: 1.818 Thread 0x000000000a4ac800 Implicit null exception at 0x00000000029f73a1 to 0x00000000029f8de9
Event: 1.863 Thread 0x000000000a45a800 Implicit null exception at 0x00000000029ff6d2 to 0x00000000029ff7c5

Events (10 events):
Event: 1.818 Thread 0x000000000a4ac800 DEOPT UNPACKING pc=0x00000000029975a4 sp=0x000000000b24ea48 mode 2
Event: 1.863 Thread 0x000000000a45a800 Uncommon trap: trap_request=0xfffffff4 fr.pc=0x00000000029ff7d4
Event: 1.863 Thread 0x000000000a45a800 DEOPT PACKING pc=0x00000000029ff7d4 sp=0x000000000ad0eaa0
Event: 1.863 Thread 0x000000000a45a800 DEOPT UNPACKING pc=0x00000000029975a4 sp=0x000000000ad0ea38 mode 2
Event: 2.425 Thread 0x000000000271f000 Uncommon trap: trap_request=0x000000d2 fr.pc=0x0000000002ac897c
Event: 2.425 Thread 0x000000000271f000 DEOPT PACKING pc=0x0000000002ac897c sp=0x000000000284e970
Event: 2.425 Thread 0x000000000271f000 DEOPT UNPACKING pc=0x00000000029975a4 sp=0x000000000284e938 mode 2
Event: 3.203 Thread 0x000000000a45a800 Uncommon trap: trap_request=0xfffffff4 fr.pc=0x0000000002af2758
Event: 3.203 Thread 0x000000000a45a800 DEOPT PACKING pc=0x0000000002af2758 sp=0x000000000ad0f000
Event: 3.203 Thread 0x000000000a45a800 DEOPT UNPACKING pc=0x00000000029975a4 sp=0x000000000ad0ef58 mode 2


Dynamic libraries:
0x000000013f640000 - 0x000000013f673000 	D:\Program Files\Java\jdk1.7.0_79\bin\java.exe
0x00000000778e0000 - 0x0000000077a89000 	C:\Windows\SYSTEM32\ntdll.dll
0x00000000774a0000 - 0x00000000775bf000 	C:\Windows\system32\kernel32.dll
0x000007fefded0000 - 0x000007fefdf3c000 	C:\Windows\system32\KERNELBASE.dll
0x000007fefe430000 - 0x000007fefe50b000 	C:\Windows\system32\ADVAPI32.dll
0x000007fefe810000 - 0x000007fefe8af000 	C:\Windows\system32\msvcrt.dll
0x000007fefe110000 - 0x000007fefe12f000 	C:\Windows\SYSTEM32\sechost.dll
0x000007fefe960000 - 0x000007fefea8d000 	C:\Windows\system32\RPCRT4.dll
0x00000000775c0000 - 0x00000000776ba000 	C:\Windows\system32\USER32.dll
0x000007fefe3c0000 - 0x000007fefe427000 	C:\Windows\system32\GDI32.dll
0x000007fefe510000 - 0x000007fefe51e000 	C:\Windows\system32\LPK.dll
0x000007fefeb70000 - 0x000007fefec39000 	C:\Windows\system32\USP10.dll
0x000007fefc7b0000 - 0x000007fefc9a4000 	C:\Windows\WinSxS\amd64_microsoft.windows.common-controls_6595b64144ccf1df_6.0.7601.17514_none_fa396087175ac9ac\COMCTL32.dll
0x000007fefe8e0000 - 0x000007fefe951000 	C:\Windows\system32\SHLWAPI.dll
0x000007fefdc10000 - 0x000007fefdc67000 	C:\Windows\system32\apphelp.dll
0x000007fef04f0000 - 0x000007fef0541000 	C:\Windows\AppPatch\AppPatch64\AcGenral.DLL
0x000007fefdba0000 - 0x000007fefdbc5000 	C:\Windows\system32\SspiCli.dll
0x000007feff9d0000 - 0x000007feffbd3000 	C:\Windows\system32\ole32.dll
0x000007fefec40000 - 0x000007feff9c8000 	C:\Windows\system32\SHELL32.dll
0x00000000671e0000 - 0x00000000671e3000 	C:\Windows\system32\sfc.dll
0x000007fef19a0000 - 0x000007fef19b0000 	C:\Windows\system32\sfc_os.DLL
0x000007fefd090000 - 0x000007fefd0ae000 	C:\Windows\system32\USERENV.dll
0x000007fefdd40000 - 0x000007fefdd4f000 	C:\Windows\system32\profapi.dll
0x000007fefc0c0000 - 0x000007fefc0d8000 	C:\Windows\system32\dwmapi.dll
0x000007fef9660000 - 0x000007fef9678000 	C:\Windows\system32\MPR.dll
0x000007fefe8b0000 - 0x000007fefe8de000 	C:\Windows\system32\IMM32.DLL
0x000007fefe520000 - 0x000007fefe629000 	C:\Windows\system32\MSCTF.dll
0x0000000065f70000 - 0x0000000066042000 	D:\Program Files\Java\jdk1.7.0_79\jre\bin\msvcr100.dll
0x0000000051480000 - 0x0000000051c55000 	D:\Program Files\Java\jdk1.7.0_79\jre\bin\server\jvm.dll
0x000007fef04e0000 - 0x000007fef04e9000 	C:\Windows\system32\WSOCK32.dll
0x000007fefe2f0000 - 0x000007fefe33d000 	C:\Windows\system32\WS2_32.dll
0x000007feffbe0000 - 0x000007feffbe8000 	C:\Windows\system32\NSI.dll
0x000007fef2820000 - 0x000007fef285b000 	C:\Windows\system32\WINMM.dll
0x0000000077aa0000 - 0x0000000077aa7000 	C:\Windows\system32\PSAPI.DLL
0x000000006f830000 - 0x000000006f83f000 	D:\Program Files\Java\jdk1.7.0_79\jre\bin\verify.dll
0x000000006f800000 - 0x000000006f828000 	D:\Program Files\Java\jdk1.7.0_79\jre\bin\java.dll
0x000000006f7e0000 - 0x000000006f7f5000 	D:\Program Files\Java\jdk1.7.0_79\jre\bin\zip.dll
0x000000006f760000 - 0x000000006f77a000 	D:\Program Files\Java\jdk1.7.0_79\jre\bin\net.dll
0x000007fefd570000 - 0x000007fefd5c5000 	C:\Windows\system32\mswsock.dll
0x000007fefd560000 - 0x000007fefd567000 	C:\Windows\System32\wship6.dll
0x000000006f590000 - 0x000000006f5a1000 	D:\Program Files\Java\jdk1.7.0_79\jre\bin\nio.dll

VM Arguments:
jvm_args: -Xmx1024M -Dfile.encoding=GBK -Duser.country=CN -Duser.language=zh -Duser.variant 
java_command: com.android.dx.command.Main --dex --num-threads=4 --output E:\StudioProjects\caffcoo\caffp2p.android\MyWeatherDemo\build\intermediates\pre-dexed\debug\gson-2.2.4-752a4694a6e7953de1b9e1ac68ee96a302f761f3.jar C:\Users\Administrator\.gradle\caches\modules-2\files-2.1\com.google.code.gson\gson\2.2.4\a60a5e993c98c864010053cb901b7eab25306568\gson-2.2.4.jar
Launcher Type: SUN_STANDARD

Environment Variables:
JAVA_HOME=D:\Program Files\Java\jdk1.7.0_79
PATH=D:\Program Files\Android\sdk\platform-tools;C:\Users\Administrator\AppData\Local\GitHub\PortableGit_c2ba306e536fdf878271f7fe636a147ff37326ad\bin;D:\Program Files\Python 3.5\Scripts\;D:\Program Files\Python 3.5\;D:\Program Files\Java\jdk1.7.0_79\bin;C:\Windows\system32;C:\Windows;C:\Windows\System32\Wbem;C:\Windows\System32\WindowsPowerShell\v1.0\;D:\Program Files\VisualSVN Server\bin;D:\Program Files\TortoiseSVN\bin;;C:\Users\Administrator\AppData\Local\Code\bin
USERNAME=Administrator
OS=Windows_NT
PROCESSOR_IDENTIFIER=Intel64 Family 6 Model 60 Stepping 3, GenuineIntel



---------------  S Y S T E M  ---------------

OS: Windows 7 , 64 bit Build 7601 Service Pack 1

CPU:total 4 (2 cores per cpu, 2 threads per core) family 6 model 60 stepping 3, cmov, cx8, fxsr, mmx, sse, sse2, sse3, ssse3, sse4.1, sse4.2, popcnt, avx, avx2, aes, erms, ht, tsc, tscinvbit

Memory: 4k page, physical 8269324k(890852k free), swap 10364620k(4640k free)

vm_info: Java HotSpot(TM) 64-Bit Server VM (24.79-b02) for windows-amd64 JRE (1.7.0_79-b15), built on Apr 10 2015 12:36:16 by "java_re" with unknown MS VC++:1600

time: Tue Aug 04 16:54:23 2015
elapsed time: 3 seconds

