#
# There is insufficient memory for the Java Runtime Environment to continue.
# Native memory allocation (malloc) failed to allocate 300816 bytes for Chunk::new
# Possible reasons:
#   The system is out of physical RAM or swap space
#   In 32 bit mode, the process size limit was hit
# Possible solutions:
#   Reduce memory load on the system
#   Increase physical memory or swap space
#   Check if swap backing store is full
#   Use 64 bit Java on a 64 bit OS
#   Decrease Java heap size (-Xmx/-Xms)
#   Decrease number of Java threads
#   Decrease Java thread stack sizes (-Xss)
#   Set larger code cache with -XX:ReservedCodeCacheSize=
# This output file may be truncated or incomplete.
#
#  Out of Memory Error (allocation.cpp:323), pid=3544, tid=6500
#
# JRE version: Java(TM) SE Runtime Environment (7.0_79-b15) (build 1.7.0_79-b15)
# Java VM: Java HotSpot(TM) 64-Bit Server VM (24.79-b02 mixed mode windows-amd64 compressed oops)
# Failed to write core dump. Minidumps are not enabled by default on client versions of Windows
#

---------------  T H R E A D  ---------------

Current thread (0x0000000008b3f000):  JavaThread "C2 CompilerThread1" daemon [_thread_in_native, id=6500, stack(0x000000000a3d0000,0x000000000a4d0000)]

Stack: [0x000000000a3d0000,0x000000000a4d0000]
[error occurred during error reporting (printing stack bounds), id 0xc0000005]


Current CompileTask:
C2:   3424  372   !         com.android.dx.cf.code.BytecodeArray::parseInstruction (2764 bytes)


---------------  P R O C E S S  ---------------

Java Threads: ( => current thread )
  0x000000000a667800 JavaThread "pool-1-thread-4" [_thread_blocked, id=5352, stack(0x000000000b0e0000,0x000000000b1e0000)]
  0x000000000a662800 JavaThread "pool-1-thread-3" [_thread_blocked, id=10612, stack(0x000000000af90000,0x000000000b090000)]
  0x000000000a66f800 JavaThread "pool-1-thread-2" [_thread_in_Java, id=2620, stack(0x000000000ae00000,0x000000000af00000)]
  0x000000000a66e800 JavaThread "pool-2-thread-1" [_thread_blocked, id=7080, stack(0x000000000ab90000,0x000000000ac90000)]
  0x000000000a64f800 JavaThread "pool-1-thread-1" [_thread_in_Java, id=9268, stack(0x000000000aa90000,0x000000000ab90000)]
  0x000000000a4d0800 JavaThread "Service Thread" daemon [_thread_blocked, id=5708, stack(0x000000000a960000,0x000000000aa60000)]
=>0x0000000008b3f000 JavaThread "C2 CompilerThread1" daemon [_thread_in_native, id=6500, stack(0x000000000a3d0000,0x000000000a4d0000)]
  0x0000000008b3d000 JavaThread "C2 CompilerThread0" daemon [_thread_in_native, id=5584, stack(0x000000000a170000,0x000000000a270000)]
  0x0000000008b39000 JavaThread "Attach Listener" daemon [_thread_blocked, id=8788, stack(0x000000000a000000,0x000000000a100000)]
  0x0000000008b38000 JavaThread "Signal Dispatcher" daemon [_thread_blocked, id=6768, stack(0x0000000009ef0000,0x0000000009ff0000)]
  0x0000000008ac4800 JavaThread "Finalizer" daemon [_thread_blocked, id=3216, stack(0x0000000009a20000,0x0000000009b20000)]
  0x0000000008abd800 JavaThread "Reference Handler" daemon [_thread_blocked, id=7740, stack(0x0000000009c80000,0x0000000009d80000)]
  0x00000000027df000 JavaThread "main" [_thread_in_Java, id=12064, stack(0x0000000002950000,0x0000000002a50000)]

Other Threads:
  0x0000000008ab9800 VMThread [stack: 0x0000000009b20000,0x0000000009c20000] [id=7048]
  0x000000000a4d1800 WatcherThread [stack: 0x000000000a290000,0x000000000a390000] [id=1920]

VM state:not at safepoint (normal execution)

VM Mutex/Monitor currently owned by a thread: None

Heap
 PSYoungGen      total 38400K, used 26450K [0x00000000eaa80000, 0x00000000ed500000, 0x0000000100000000)
  eden space 33280K, 64% used [0x00000000eaa80000,0x00000000ebf5c178,0x00000000ecb00000)
  from space 5120K, 99% used [0x00000000ed000000,0x00000000ed4f86e0,0x00000000ed500000)
  to   space 5120K, 0% used [0x00000000ecb00000,0x00000000ecb00000,0x00000000ed000000)
 ParOldGen       total 86016K, used 6592K [0x00000000c0000000, 0x00000000c5400000, 0x00000000eaa80000)
  object space 86016K, 7% used [0x00000000c0000000,0x00000000c0670140,0x00000000c5400000)
 PSPermGen       total 21504K, used 5878K [0x00000000bae00000, 0x00000000bc300000, 0x00000000c0000000)
  object space 21504K, 27% used [0x00000000bae00000,0x00000000bb3bdb28,0x00000000bc300000)

Card table byte_map: [0x0000000005a50000,0x0000000005c80000] byte_map_base: 0x0000000005479000

Polling page: 0x0000000000240000

Code Cache  [0x0000000002a50000, 0x0000000002cc0000, 0x0000000005a50000)
 total_blobs=614 nmethods=375 adapters=191 free_code_cache=47621Kb largest_free_block=48722432

Compilation events (10 events):
Event: 3.302 Thread 0x0000000008b3d000 nmethod 361 0x0000000002bd1690 code [0x0000000002bd1a60, 0x0000000002bd4468]
Event: 3.302 Thread 0x0000000008b3d000  373             com.android.dx.rop.cst.CstInteger::getType (4 bytes)
Event: 3.303 Thread 0x0000000008b3d000 nmethod 373 0x0000000002bb3950 code [0x0000000002bb3a80, 0x0000000002bb3ad8]
Event: 3.303 Thread 0x0000000008b3d000  374             com.android.dx.rop.code.SourcePosition::<init> (50 bytes)
Event: 3.303 Thread 0x0000000008b3d000 nmethod 374 0x0000000002bc3990 code [0x0000000002bc3ac0, 0x0000000002bc3b58]
Event: 3.303 Thread 0x0000000008b3d000  375             com.android.dx.cf.code.BaseMachine::clearArgs (56 bytes)
Event: 3.303 Thread 0x0000000008b3d000 nmethod 375 0x0000000002bb0a90 code [0x0000000002bb0bc0, 0x0000000002bb0c38]
Event: 3.303 Thread 0x0000000008b3d000  376             com.android.dx.cf.code.ConcreteMethod::makeSourcePosistion (21 bytes)
Event: 3.308 Thread 0x0000000008b3d000 nmethod 376 0x0000000002bc77d0 code [0x0000000002bc7940, 0x0000000002bc7c38]
Event: 3.308 Thread 0x0000000008b3d000  377   !         com.android.dx.cf.code.RopperMachine::run (1550 bytes)

GC Heap History (4 events):
Event: 2.332 GC heap before
{Heap before GC invocations=1 (full 0):
 PSYoungGen      total 38400K, used 33280K [0x00000000eaa80000, 0x00000000ed500000, 0x0000000100000000)
  eden space 33280K, 100% used [0x00000000eaa80000,0x00000000ecb00000,0x00000000ecb00000)
  from space 5120K, 0% used [0x00000000ed000000,0x00000000ed000000,0x00000000ed500000)
  to   space 5120K, 0% used [0x00000000ecb00000,0x00000000ecb00000,0x00000000ed000000)
 ParOldGen       total 86016K, used 0K [0x00000000c0000000, 0x00000000c5400000, 0x00000000eaa80000)
  object space 86016K, 0% used [0x00000000c0000000,0x00000000c0000000,0x00000000c5400000)
 PSPermGen       total 21504K, used 5805K [0x00000000bae00000, 0x00000000bc300000, 0x00000000c0000000)
  object space 21504K, 26% used [0x00000000bae00000,0x00000000bb3ab5a0,0x00000000bc300000)
Event: 2.389 GC heap after
Heap after GC invocations=1 (full 0):
 PSYoungGen      total 38400K, used 5106K [0x00000000eaa80000, 0x00000000ed500000, 0x0000000100000000)
  eden space 33280K, 0% used [0x00000000eaa80000,0x00000000eaa80000,0x00000000ecb00000)
  from space 5120K, 99% used [0x00000000ecb00000,0x00000000ecffc9a8,0x00000000ed000000)
  to   space 5120K, 0% used [0x00000000ed000000,0x00000000ed000000,0x00000000ed500000)
 ParOldGen       total 86016K, used 2121K [0x00000000c0000000, 0x00000000c5400000, 0x00000000eaa80000)
  object space 86016K, 2% used [0x00000000c0000000,0x00000000c0212648,0x00000000c5400000)
 PSPermGen       total 21504K, used 5805K [0x00000000bae00000, 0x00000000bc300000, 0x00000000c0000000)
  object space 21504K, 26% used [0x00000000bae00000,0x00000000bb3ab5a0,0x00000000bc300000)
}
Event: 3.000 GC heap before
{Heap before GC invocations=2 (full 0):
 PSYoungGen      total 38400K, used 38386K [0x00000000eaa80000, 0x00000000ed500000, 0x0000000100000000)
  eden space 33280K, 100% used [0x00000000eaa80000,0x00000000ecb00000,0x00000000ecb00000)
  from space 5120K, 99% used [0x00000000ecb00000,0x00000000ecffc9a8,0x00000000ed000000)
  to   space 5120K, 0% used [0x00000000ed000000,0x00000000ed000000,0x00000000ed500000)
 ParOldGen       total 86016K, used 2121K [0x00000000c0000000, 0x00000000c5400000, 0x00000000eaa80000)
  object space 86016K, 2% used [0x00000000c0000000,0x00000000c0212648,0x00000000c5400000)
 PSPermGen       total 21504K, used 5858K [0x00000000bae00000, 0x00000000bc300000, 0x00000000c0000000)
  object space 21504K, 27% used [0x00000000bae00000,0x00000000bb3b89c8,0x00000000bc300000)
Event: 3.067 GC heap after
Heap after GC invocations=2 (full 0):
 PSYoungGen      total 38400K, used 5089K [0x00000000eaa80000, 0x00000000ed500000, 0x0000000100000000)
  eden space 33280K, 0% used [0x00000000eaa80000,0x00000000eaa80000,0x00000000ecb00000)
  from space 5120K, 99% used [0x00000000ed000000,0x00000000ed4f86e0,0x00000000ed500000)
  to   space 5120K, 0% used [0x00000000ecb00000,0x00000000ecb00000,0x00000000ed000000)
 ParOldGen       total 86016K, used 6592K [0x00000000c0000000, 0x00000000c5400000, 0x00000000eaa80000)
  object space 86016K, 7% used [0x00000000c0000000,0x00000000c0670140,0x00000000c5400000)
 PSPermGen       total 21504K, used 5858K [0x00000000bae00000, 0x00000000bc300000, 0x00000000c0000000)
  object space 21504K, 27% used [0x00000000bae00000,0x00000000bb3b89c8,0x00000000bc300000)
}

Deoptimization events (10 events):
Event: 2.899 Thread 0x00000000027df000 Uncommon trap: reason=bimorphic action=maybe_recompile pc=0x0000000002b7b9c4 method=com.android.dx.cf.code.BytecodeArray.parseInstruction(ILcom/android/dx/cf/code/BytecodeArray$Visitor;)I @ 971
Event: 3.122 Thread 0x00000000027df000 Uncommon trap: reason=bimorphic action=maybe_recompile pc=0x0000000002b9bb5c method=com.android.dx.ssa.LiteralOpUpgrader.tryReplacingWithConstant(Lcom/android/dx/ssa/NormalSsaInsn;)Z @ 52
Event: 3.123 Thread 0x00000000027df000 Uncommon trap: reason=bimorphic action=maybe_recompile pc=0x0000000002b9bb5c method=com.android.dx.ssa.LiteralOpUpgrader.tryReplacingWithConstant(Lcom/android/dx/ssa/NormalSsaInsn;)Z @ 52
Event: 3.151 Thread 0x000000000a66f800 Uncommon trap: reason=unreached action=reinterpret pc=0x0000000002b1d670 method=com.android.dx.ssa.LocalVariableExtractor.processBlock(I)V @ 251
Event: 3.221 Thread 0x00000000027df000 Uncommon trap: reason=class_check action=maybe_recompile pc=0x0000000002b594b8 method=com.android.dx.cf.code.Ropper.processBlock(Lcom/android/dx/cf/code/ByteBlock;Lcom/android/dx/cf/code/Frame;[I)V @ 777
Event: 3.228 Thread 0x00000000027df000 Uncommon trap: reason=bimorphic action=maybe_recompile pc=0x0000000002b9bb5c method=com.android.dx.ssa.LiteralOpUpgrader.tryReplacingWithConstant(Lcom/android/dx/ssa/NormalSsaInsn;)Z @ 52
Event: 3.235 Thread 0x00000000027df000 Uncommon trap: reason=class_check action=maybe_recompile pc=0x0000000002b594b8 method=com.android.dx.cf.code.Ropper.processBlock(Lcom/android/dx/cf/code/ByteBlock;Lcom/android/dx/cf/code/Frame;[I)V @ 777
Event: 3.292 Thread 0x000000000a66f800 Uncommon trap: reason=class_check action=maybe_recompile pc=0x0000000002b594b8 method=com.android.dx.cf.code.Ropper.processBlock(Lcom/android/dx/cf/code/ByteBlock;Lcom/android/dx/cf/code/Frame;[I)V @ 777
Event: 3.293 Thread 0x000000000a66f800 Uncommon trap: reason=unreached action=reinterpret pc=0x0000000002b740ec method=com.android.dx.ssa.MoveParamCombiner$1.visitNonMoveInsn(Lcom/android/dx/ssa/NormalSsaInsn;)V @ 27
Event: 3.328 Thread 0x00000000027df000 Uncommon trap: reason=class_check action=maybe_recompile pc=0x0000000002bd3310 method=com.android.dx.ssa.back.FirstFitLocalCombiningAllocator.findNextUnreservedRopReg(IILcom/android/dx/ssa/back/FirstFitLocalCombiningAllocator$Alignment;)I @ 6

Internal exceptions (10 events):
Event: 1.388 Thread 0x00000000027df000 Threw 0x00000000eba70bd8 at C:\re\jdk7u79\2331\hotspot\src\share\vm\prims\jvm.cpp:1304
Event: 1.536 Thread 0x00000000027df000 Implicit null exception at 0x0000000002afb77e to 0x0000000002afc921
Event: 1.545 Thread 0x00000000027df000 Implicit null exception at 0x0000000002af08bb to 0x0000000002af0f89
Event: 1.561 Thread 0x00000000027df000 Threw 0x00000000ec09d360 at C:\re\jdk7u79\2331\hotspot\src\share\vm\prims\jvm.cpp:1304
Event: 1.562 Thread 0x00000000027df000 Threw 0x00000000ec0af270 at C:\re\jdk7u79\2331\hotspot\src\share\vm\prims\jvm.cpp:1304
Event: 1.828 Thread 0x000000000a66f800 Threw 0x00000000ec202320 at C:\re\jdk7u79\2331\hotspot\src\share\vm\prims\jvm.cpp:1304
Event: 1.833 Thread 0x000000000a66f800 Implicit null exception at 0x0000000002afaa12 to 0x0000000002afab05
Event: 2.626 Thread 0x00000000027df000 Threw 0x00000000eadef700 at C:\re\jdk7u79\2331\hotspot\src\share\vm\prims\jvm.cpp:1304
Event: 2.628 Thread 0x00000000027df000 Implicit null exception at 0x0000000002b142e3 to 0x0000000002b1574d
Event: 3.255 Thread 0x00000000027df000 Threw 0x00000000eb462a30 at C:\re\jdk7u79\2331\hotspot\src\share\vm\prims\jvm.cpp:1304

Events (10 events):
Event: 3.255 loading class 0x000000000a6eed40 done
Event: 3.292 Thread 0x000000000a66f800 Uncommon trap: trap_request=0xffffffde fr.pc=0x0000000002b594b8
Event: 3.292 Thread 0x000000000a66f800 DEOPT PACKING pc=0x0000000002b594b8 sp=0x000000000aefebf0
Event: 3.292 Thread 0x000000000a66f800 DEOPT UNPACKING pc=0x0000000002a875a4 sp=0x000000000aefeb78 mode 2
Event: 3.293 Thread 0x000000000a66f800 Uncommon trap: trap_request=0xffffffad fr.pc=0x0000000002b740ec
Event: 3.293 Thread 0x000000000a66f800 DEOPT PACKING pc=0x0000000002b740ec sp=0x000000000aefeaa0
Event: 3.293 Thread 0x000000000a66f800 DEOPT UNPACKING pc=0x0000000002a875a4 sp=0x000000000aefe9f8 mode 2
Event: 3.328 Thread 0x00000000027df000 Uncommon trap: trap_request=0xffffffde fr.pc=0x0000000002bd3310
Event: 3.328 Thread 0x00000000027df000 DEOPT PACKING pc=0x0000000002bd3310 sp=0x0000000002a4e1f0
Event: 3.328 Thread 0x00000000027df000 DEOPT UNPACKING pc=0x0000000002a875a4 sp=0x0000000002a4e0f8 mode 2


Dynamic libraries:
0x000000013f640000 - 0x000000013f673000 	D:\Program Files\Java\jdk1.7.0_79\bin\java.exe
0x00000000778e0000 - 0x0000000077a89000 	C:\Windows\SYSTEM32\ntdll.dll
0x00000000774a0000 - 0x00000000775bf000 	C:\Windows\system32\kernel32.dll
0x000007fefded0000 - 0x000007fefdf3c000 	C:\Windows\system32\KERNELBASE.dll
0x000007fefe430000 - 0x000007fefe50b000 	C:\Windows\system32\ADVAPI32.dll
0x000007fefe810000 - 0x000007fefe8af000 	C:\Windows\system32\msvcrt.dll
0x000007fefe110000 - 0x000007fefe12f000 	C:\Windows\SYSTEM32\sechost.dll
0x000007fefe960000 - 0x000007fefea8d000 	C:\Windows\system32\RPCRT4.dll
0x00000000775c0000 - 0x00000000776ba000 	C:\Windows\system32\USER32.dll
0x000007fefe3c0000 - 0x000007fefe427000 	C:\Windows\system32\GDI32.dll
0x000007fefe510000 - 0x000007fefe51e000 	C:\Windows\system32\LPK.dll
0x000007fefeb70000 - 0x000007fefec39000 	C:\Windows\system32\USP10.dll
0x000007fefc7b0000 - 0x000007fefc9a4000 	C:\Windows\WinSxS\amd64_microsoft.windows.common-controls_6595b64144ccf1df_6.0.7601.17514_none_fa396087175ac9ac\COMCTL32.dll
0x000007fefe8e0000 - 0x000007fefe951000 	C:\Windows\system32\SHLWAPI.dll
0x000007fefdc10000 - 0x000007fefdc67000 	C:\Windows\system32\apphelp.dll
0x000007fef04f0000 - 0x000007fef0541000 	C:\Windows\AppPatch\AppPatch64\AcGenral.DLL
0x000007fefdba0000 - 0x000007fefdbc5000 	C:\Windows\system32\SspiCli.dll
0x000007feff9d0000 - 0x000007feffbd3000 	C:\Windows\system32\ole32.dll
0x000007fefec40000 - 0x000007feff9c8000 	C:\Windows\system32\SHELL32.dll
0x00000000671e0000 - 0x00000000671e3000 	C:\Windows\system32\sfc.dll
0x000007fef19a0000 - 0x000007fef19b0000 	C:\Windows\system32\sfc_os.DLL
0x000007fefd090000 - 0x000007fefd0ae000 	C:\Windows\system32\USERENV.dll
0x000007fefdd40000 - 0x000007fefdd4f000 	C:\Windows\system32\profapi.dll
0x000007fefc0c0000 - 0x000007fefc0d8000 	C:\Windows\system32\dwmapi.dll
0x000007fef9660000 - 0x000007fef9678000 	C:\Windows\system32\MPR.dll
0x000007fefe8b0000 - 0x000007fefe8de000 	C:\Windows\system32\IMM32.DLL
0x000007fefe520000 - 0x000007fefe629000 	C:\Windows\system32\MSCTF.dll
0x0000000065f70000 - 0x0000000066042000 	D:\Program Files\Java\jdk1.7.0_79\jre\bin\msvcr100.dll
0x0000000051480000 - 0x0000000051c55000 	D:\Program Files\Java\jdk1.7.0_79\jre\bin\server\jvm.dll
0x000007fef04e0000 - 0x000007fef04e9000 	C:\Windows\system32\WSOCK32.dll
0x000007fefe2f0000 - 0x000007fefe33d000 	C:\Windows\system32\WS2_32.dll
0x000007feffbe0000 - 0x000007feffbe8000 	C:\Windows\system32\NSI.dll
0x000007fef2820000 - 0x000007fef285b000 	C:\Windows\system32\WINMM.dll
0x0000000077aa0000 - 0x0000000077aa7000 	C:\Windows\system32\PSAPI.DLL
0x000000006f830000 - 0x000000006f83f000 	D:\Program Files\Java\jdk1.7.0_79\jre\bin\verify.dll
0x000000006f800000 - 0x000000006f828000 	D:\Program Files\Java\jdk1.7.0_79\jre\bin\java.dll
0x000000006f7e0000 - 0x000000006f7f5000 	D:\Program Files\Java\jdk1.7.0_79\jre\bin\zip.dll
0x000000006f760000 - 0x000000006f77a000 	D:\Program Files\Java\jdk1.7.0_79\jre\bin\net.dll
0x000007fefd570000 - 0x000007fefd5c5000 	C:\Windows\system32\mswsock.dll
0x000007fefd560000 - 0x000007fefd567000 	C:\Windows\System32\wship6.dll
0x000000006f590000 - 0x000000006f5a1000 	D:\Program Files\Java\jdk1.7.0_79\jre\bin\nio.dll

VM Arguments:
jvm_args: -Xmx1024M -Dfile.encoding=GBK -Duser.country=CN -Duser.language=zh -Duser.variant 
java_command: com.android.dx.command.Main --dex --num-threads=4 --output E:\StudioProjects\caffcoo\caffp2p.android\MyWeatherDemo\build\intermediates\pre-dexed\debug\classes-79dcb8bd8487238bc0963c38471df2f50f4c2817.jar E:\StudioProjects\caffcoo\caffp2p.android\MyWeatherDemo\build\intermediates\exploded-aar\com.android.support\appcompat-v7\22.1.1\jars\classes.jar
Launcher Type: SUN_STANDARD

Environment Variables:
JAVA_HOME=D:\Program Files\Java\jdk1.7.0_79
PATH=D:\Program Files\Android\sdk\platform-tools;C:\Users\Administrator\AppData\Local\GitHub\PortableGit_c2ba306e536fdf878271f7fe636a147ff37326ad\bin;D:\Program Files\Python 3.5\Scripts\;D:\Program Files\Python 3.5\;D:\Program Files\Java\jdk1.7.0_79\bin;C:\Windows\system32;C:\Windows;C:\Windows\System32\Wbem;C:\Windows\System32\WindowsPowerShell\v1.0\;D:\Program Files\VisualSVN Server\bin;D:\Program Files\TortoiseSVN\bin;;C:\Users\Administrator\AppData\Local\Code\bin
USERNAME=Administrator
OS=Windows_NT
PROCESSOR_IDENTIFIER=Intel64 Family 6 Model 60 Stepping 3, GenuineIntel



---------------  S Y S T E M  ---------------

OS: Windows 7 , 64 bit Build 7601 Service Pack 1

CPU:total 4 (2 cores per cpu, 2 threads per core) family 6 model 60 stepping 3, cmov, cx8, fxsr, mmx, sse, sse2, sse3, ssse3, sse4.1, sse4.2, popcnt, avx, avx2, aes, erms, ht, tsc, tscinvbit

Memory: 4k page, physical 8269324k(893464k free), swap 10364620k(5180k free)

vm_info: Java HotSpot(TM) 64-Bit Server VM (24.79-b02) for windows-amd64 JRE (1.7.0_79-b15), built on Apr 10 2015 12:36:16 by "java_re" with unknown MS VC++:1600

time: Tue Aug 04 16:54:23 2015
elapsed time: 3 seconds

